    OpenRGB v0.7
    Commit:  from 
    Launched: 20220402_233916
====================================================================================================

1003  |Info:    ------------------------------------------------------
1003  |Info:    |               Start device detection               |
1003  |Info:    ------------------------------------------------------
1003  |Info:    Initializing HID interfaces: Success
1005  |Info:    ------------------------------------------------------
1005  |Info:    |             Detecting I2C interfaces               |
1005  |Info:    ------------------------------------------------------
1005  |Info:    Registering I2C interface: /dev/i2c-3 Device 8086:9BC8 Subsystem: 1462:7D22
1005  |Info:    Registering I2C interface: /dev/i2c-10 Device 0000:0000 Subsystem: 0000:0000
1005  |Info:    Registering I2C interface: /dev/i2c-1 Device 8086:9BC8 Subsystem: 1462:7D22
1005  |Info:    Registering I2C interface: /dev/i2c-8 Device 8086:9BC8 Subsystem: 1462:7D22
1005  |Info:    Registering I2C interface: /dev/i2c-6 Device 8086:9BC8 Subsystem: 1462:7D22
1005  |Info:    Registering I2C interface: /dev/i2c-4 Device 8086:9BC8 Subsystem: 1462:7D22
1005  |Info:    Registering I2C interface: /dev/i2c-11 Device 8086:43A3 Subsystem: 1462:7D22
1005  |Info:    Registering I2C interface: /dev/i2c-2 Device 8086:9BC8 Subsystem: 1462:7D22
1005  |Info:    Registering I2C interface: /dev/i2c-0 Device 8086:9BC8 Subsystem: 1462:7D22
1006  |Info:    Registering I2C interface: /dev/i2c-9 Device 0000:0000 Subsystem: 0000:0000
1006  |Info:    Registering I2C interface: /dev/i2c-7 Device 8086:9BC8 Subsystem: 1462:7D22
1006  |Info:    Registering I2C interface: /dev/i2c-5 Device 8086:9BC8 Subsystem: 1462:7D22
1006  |Info:    ------------------------------------------------------
1006  |Info:    |               Detecting I2C devices                |
1006  |Info:    ------------------------------------------------------
1156  |Info:    Loading plugins
1379  |Info:    [ENE DRAM] Registering RGB controller
1468  |Info:    ------------------------------------------------------
1468  |Info:    |               Detecting HID devices                |
1468  |Info:    ------------------------------------------------------
1468  |Info:    ------------------------------------------------------
1468  |Info:    |              Detecting other devices               |
1468  |Info:    ------------------------------------------------------
1471  |Info:    ------------------------------------------------------
1471  |Info:    |                Detection completed                 |
1471  |Info:    ------------------------------------------------------
