    OpenRGB v0.7
    Commit:  from 
    Launched: 20220422_175409
====================================================================================================

1001  |Info:    ------------------------------------------------------
1001  |Info:    |               Start device detection               |
1001  |Info:    ------------------------------------------------------
1001  |Info:    Initializing HID interfaces: Success
1003  |Info:    ------------------------------------------------------
1003  |Info:    |             Detecting I2C interfaces               |
1003  |Info:    ------------------------------------------------------
1003  |Info:    Registering I2C interface: /dev/i2c-3 Device 8086:9BC8 Subsystem: 1462:7D22
1003  |Info:    Registering I2C interface: /dev/i2c-10 Device 0000:0000 Subsystem: 0000:0000
1003  |Info:    Registering I2C interface: /dev/i2c-1 Device 8086:9BC8 Subsystem: 1462:7D22
1003  |Info:    Registering I2C interface: /dev/i2c-8 Device 8086:9BC8 Subsystem: 1462:7D22
1003  |Info:    Registering I2C interface: /dev/i2c-6 Device 8086:9BC8 Subsystem: 1462:7D22
1003  |Info:    Registering I2C interface: /dev/i2c-4 Device 8086:9BC8 Subsystem: 1462:7D22
1004  |Info:    Registering I2C interface: /dev/i2c-11 Device 8086:43A3 Subsystem: 1462:7D22
1004  |Info:    Registering I2C interface: /dev/i2c-2 Device 8086:9BC8 Subsystem: 1462:7D22
1004  |Info:    Registering I2C interface: /dev/i2c-0 Device 8086:9BC8 Subsystem: 1462:7D22
1004  |Info:    Registering I2C interface: /dev/i2c-9 Device 0000:0000 Subsystem: 0000:0000
1004  |Info:    Registering I2C interface: /dev/i2c-7 Device 8086:9BC8 Subsystem: 1462:7D22
1004  |Info:    Registering I2C interface: /dev/i2c-5 Device 8086:9BC8 Subsystem: 1462:7D22
1004  |Info:    ------------------------------------------------------
1004  |Info:    |               Detecting I2C devices                |
1004  |Info:    ------------------------------------------------------
1158  |Info:    Loading plugins
1385  |Info:    [ENE DRAM] Registering RGB controller
1573  |Info:    [ENE DRAM] Registering RGB controller
1660  |Info:    ------------------------------------------------------
1660  |Info:    |               Detecting HID devices                |
1660  |Info:    ------------------------------------------------------
1660  |Info:    ------------------------------------------------------
1660  |Info:    |              Detecting other devices               |
1660  |Info:    ------------------------------------------------------
1664  |Info:    ------------------------------------------------------
1664  |Info:    |                Detection completed                 |
1664  |Info:    ------------------------------------------------------
