    OpenRGB v0.7
    Commit: 6128731df697e116d04ea2644c46c268a5cd3448 from 2021-12-30 00:45:07 -0600
    Launched: 20220401_223159
====================================================================================================

1009  |Info:    ------------------------------------------------------
1009  |Info:    |               Start device detection               |
1009  |Info:    ------------------------------------------------------
1009  |Info:    Initializing HID interfaces: Success
1010  |Info:    ------------------------------------------------------
1010  |Info:    |             Detecting I2C interfaces               |
1010  |Info:    ------------------------------------------------------
1010  |Info:    Registering I2C interface: /dev/i2c-3 Device 8086:9BC8 Subsystem: 1462:7D22
1010  |Info:    Registering I2C interface: /dev/i2c-1 Device 8086:9BC8 Subsystem: 1462:7D22
1011  |Info:    Registering I2C interface: /dev/i2c-8 Device 8086:9BC8 Subsystem: 1462:7D22
1011  |Info:    Registering I2C interface: /dev/i2c-4 Device 8086:9BC8 Subsystem: 1462:7D22
1011  |Info:    Registering I2C interface: /dev/i2c-2 Device 8086:9BC8 Subsystem: 1462:7D22
1011  |Info:    Registering I2C interface: /dev/i2c-0 Device 8086:9BC8 Subsystem: 1462:7D22
1011  |Info:    Registering I2C interface: /dev/i2c-7 Device 8086:9BC8 Subsystem: 1462:7D22
1011  |Info:    ------------------------------------------------------
1011  |Info:    |               Detecting I2C devices                |
1011  |Info:    ------------------------------------------------------
1019  |Info:    ------------------------------------------------------
1019  |Info:    |               Detecting HID devices                |
1019  |Info:    ------------------------------------------------------
1019  |Info:    ------------------------------------------------------
1019  |Info:    |              Detecting other devices               |
1019  |Info:    ------------------------------------------------------
1023  |Info:    ------------------------------------------------------
1023  |Info:    |                Detection completed                 |
1023  |Info:    ------------------------------------------------------
1023  |Dialog:  <h2>WARNING:</h2><p>One or more I2C/SMBus interfaces failed to initialize.</p><p>RGB DRAM modules and some motherboards' onboard RGB lighting will not be available without I2C/SMBus.</p><p>On Linux, this is usually because the i2c-dev module is not loaded.  You must load the i2c-dev module along with the correct i2c driver for your motherboard.  This is usually i2c-piix4 for AMD systems and i2c-i801 for Intel systems.</p><p>See <a href='https://help.openrgb.org/'>help.openrgb.org</a> for additional troubleshooting steps if you keep seeing this message.<br></p>
1215  |Info:    Loading plugins
4716  |Info:    ------------------------------------------------------
4716  |Info:    |               Start device detection               |
4716  |Info:    ------------------------------------------------------
4716  |Info:    Initializing HID interfaces: Success
4718  |Info:    ------------------------------------------------------
4718  |Info:    |             Detecting I2C interfaces               |
4718  |Info:    ------------------------------------------------------
4718  |Info:    Registering I2C interface: /dev/i2c-3 Device 8086:9BC8 Subsystem: 1462:7D22
4718  |Info:    Registering I2C interface: /dev/i2c-1 Device 8086:9BC8 Subsystem: 1462:7D22
4718  |Info:    Registering I2C interface: /dev/i2c-8 Device 8086:9BC8 Subsystem: 1462:7D22
4718  |Info:    Registering I2C interface: /dev/i2c-4 Device 8086:9BC8 Subsystem: 1462:7D22
4718  |Info:    Registering I2C interface: /dev/i2c-2 Device 8086:9BC8 Subsystem: 1462:7D22
4718  |Info:    Registering I2C interface: /dev/i2c-0 Device 8086:9BC8 Subsystem: 1462:7D22
4718  |Info:    Registering I2C interface: /dev/i2c-7 Device 8086:9BC8 Subsystem: 1462:7D22
4718  |Info:    ------------------------------------------------------
4718  |Info:    |               Detecting I2C devices                |
4718  |Info:    ------------------------------------------------------
4718  |Info:    ------------------------------------------------------
4718  |Info:    |               Detecting HID devices                |
4718  |Info:    ------------------------------------------------------
4718  |Info:    ------------------------------------------------------
4718  |Info:    |              Detecting other devices               |
4718  |Info:    ------------------------------------------------------
4719  |Info:    ------------------------------------------------------
4719  |Info:    |                Detection completed                 |
4719  |Info:    ------------------------------------------------------
4719  |Dialog:  <h2>WARNING:</h2><p>One or more I2C/SMBus interfaces failed to initialize.</p><p>RGB DRAM modules and some motherboards' onboard RGB lighting will not be available without I2C/SMBus.</p><p>On Linux, this is usually because the i2c-dev module is not loaded.  You must load the i2c-dev module along with the correct i2c driver for your motherboard.  This is usually i2c-piix4 for AMD systems and i2c-i801 for Intel systems.</p><p>See <a href='https://help.openrgb.org/'>help.openrgb.org</a> for additional troubleshooting steps if you keep seeing this message.<br></p>
