    OpenRGB v0.7
    Commit:  from 
    Launched: 20220422_175411
====================================================================================================

1001  |Info:    ------------------------------------------------------
1001  |Info:    |               Start device detection               |
1001  |Info:    ------------------------------------------------------
1001  |Info:    Initializing HID interfaces: Success
1002  |Info:    ------------------------------------------------------
1002  |Info:    |             Detecting I2C interfaces               |
1002  |Info:    ------------------------------------------------------
1003  |Info:    Registering I2C interface: /dev/i2c-3 Device 8086:9BC8 Subsystem: 1462:7D22
1005  |Info:    Registering I2C interface: /dev/i2c-10 Device 0000:0000 Subsystem: 0000:0000
1005  |Info:    Registering I2C interface: /dev/i2c-1 Device 8086:9BC8 Subsystem: 1462:7D22
1006  |Info:    Registering I2C interface: /dev/i2c-8 Device 8086:9BC8 Subsystem: 1462:7D22
1006  |Info:    Registering I2C interface: /dev/i2c-6 Device 8086:9BC8 Subsystem: 1462:7D22
1006  |Info:    Registering I2C interface: /dev/i2c-4 Device 8086:9BC8 Subsystem: 1462:7D22
1006  |Info:    Registering I2C interface: /dev/i2c-11 Device 8086:43A3 Subsystem: 1462:7D22
1006  |Info:    Registering I2C interface: /dev/i2c-2 Device 8086:9BC8 Subsystem: 1462:7D22
1006  |Info:    Registering I2C interface: /dev/i2c-0 Device 8086:9BC8 Subsystem: 1462:7D22
1006  |Info:    Registering I2C interface: /dev/i2c-9 Device 0000:0000 Subsystem: 0000:0000
1006  |Info:    Registering I2C interface: /dev/i2c-7 Device 8086:9BC8 Subsystem: 1462:7D22
1006  |Info:    Registering I2C interface: /dev/i2c-5 Device 8086:9BC8 Subsystem: 1462:7D22
1006  |Info:    ------------------------------------------------------
1006  |Info:    |               Detecting I2C devices                |
1006  |Info:    ------------------------------------------------------
1134  |Info:    Loading plugins
1372  |Info:    [ENE DRAM] Registering RGB controller
1556  |Info:    [ENE DRAM] Registering RGB controller
1643  |Info:    ------------------------------------------------------
1643  |Info:    |               Detecting HID devices                |
1643  |Info:    ------------------------------------------------------
1643  |Info:    ------------------------------------------------------
1643  |Info:    |              Detecting other devices               |
1643  |Info:    ------------------------------------------------------
1645  |Info:    ------------------------------------------------------
1645  |Info:    |                Detection completed                 |
1645  |Info:    ------------------------------------------------------
