    OpenRGB v0.7
    Commit:  from 
    Launched: 20220419_170706
====================================================================================================

1001  |Info:    ------------------------------------------------------
1001  |Info:    |               Start device detection               |
1001  |Info:    ------------------------------------------------------
1001  |Info:    Initializing HID interfaces: Success
1002  |Info:    ------------------------------------------------------
1002  |Info:    |             Detecting I2C interfaces               |
1002  |Info:    ------------------------------------------------------
1002  |Info:    Registering I2C interface: /dev/i2c-3 Device 8086:9BC8 Subsystem: 1462:7D22
1003  |Info:    Registering I2C interface: /dev/i2c-10 Device 0000:0000 Subsystem: 0000:0000
1003  |Info:    Registering I2C interface: /dev/i2c-1 Device 8086:9BC8 Subsystem: 1462:7D22
1003  |Info:    Registering I2C interface: /dev/i2c-8 Device 8086:9BC8 Subsystem: 1462:7D22
1003  |Info:    Registering I2C interface: /dev/i2c-6 Device 8086:9BC8 Subsystem: 1462:7D22
1003  |Info:    Registering I2C interface: /dev/i2c-4 Device 8086:9BC8 Subsystem: 1462:7D22
1003  |Info:    Registering I2C interface: /dev/i2c-11 Device 8086:43A3 Subsystem: 1462:7D22
1003  |Info:    Registering I2C interface: /dev/i2c-2 Device 8086:9BC8 Subsystem: 1462:7D22
1003  |Info:    Registering I2C interface: /dev/i2c-0 Device 8086:9BC8 Subsystem: 1462:7D22
1003  |Info:    Registering I2C interface: /dev/i2c-9 Device 0000:0000 Subsystem: 0000:0000
1003  |Info:    Registering I2C interface: /dev/i2c-7 Device 8086:9BC8 Subsystem: 1462:7D22
1003  |Info:    Registering I2C interface: /dev/i2c-5 Device 8086:9BC8 Subsystem: 1462:7D22
1003  |Info:    ------------------------------------------------------
1003  |Info:    |               Detecting I2C devices                |
1003  |Info:    ------------------------------------------------------
1152  |Info:    Loading plugins
1386  |Info:    [ENE DRAM] Registering RGB controller
1579  |Info:    [ENE DRAM] Registering RGB controller
1666  |Info:    ------------------------------------------------------
1666  |Info:    |               Detecting HID devices                |
1666  |Info:    ------------------------------------------------------
1666  |Info:    ------------------------------------------------------
1666  |Info:    |              Detecting other devices               |
1667  |Info:    ------------------------------------------------------
1669  |Info:    ------------------------------------------------------
1669  |Info:    |                Detection completed                 |
1669  |Info:    ------------------------------------------------------
